Performing C SOURCE FILE Test CMAKE_HAVE_LIBC_PTHREAD failed with the following output:
Change Dir: /home/mdl/gxg5138/bioinf/diBELLA.2D/build_release/CMakeFiles/CMakeTmp

Run Build Command(s):/usr/bin/gmake cmTC_3cd4b/fast && /usr/bin/gmake -f CMakeFiles/cmTC_3cd4b.dir/build.make CMakeFiles/cmTC_3cd4b.dir/build
gmake[1]: Entering directory `/home/mdl/gxg5138/bioinf/diBELLA.2D/build_release/CMakeFiles/CMakeTmp'
Building C object CMakeFiles/cmTC_3cd4b.dir/src.c.o
/home/mdl/gxg5138/local-software/installs/gcc_5.4.0/bin/gcc   -fPIC -DCMAKE_HAVE_LIBC_PTHREAD   -o CMakeFiles/cmTC_3cd4b.dir/src.c.o   -c /home/mdl/gxg5138/bioinf/diBELLA.2D/build_release/CMakeFiles/CMakeTmp/src.c
Linking C executable cmTC_3cd4b
/home/mdl/gxg5138/local-software/installs/cmake-3.16.3/bin/cmake -E cmake_link_script CMakeFiles/cmTC_3cd4b.dir/link.txt --verbose=1
/home/mdl/gxg5138/local-software/installs/gcc_5.4.0/bin/gcc -fPIC -DCMAKE_HAVE_LIBC_PTHREAD    CMakeFiles/cmTC_3cd4b.dir/src.c.o  -o cmTC_3cd4b 
CMakeFiles/cmTC_3cd4b.dir/src.c.o: In function `main':
src.c:(.text+0x2f): undefined reference to `pthread_create'
src.c:(.text+0x3b): undefined reference to `pthread_detach'
src.c:(.text+0x4c): undefined reference to `pthread_join'
src.c:(.text+0x60): undefined reference to `pthread_atfork'
collect2: error: ld returned 1 exit status
gmake[1]: *** [cmTC_3cd4b] Error 1
gmake[1]: Leaving directory `/home/mdl/gxg5138/bioinf/diBELLA.2D/build_release/CMakeFiles/CMakeTmp'
gmake: *** [cmTC_3cd4b/fast] Error 2


Source file was:
#include <pthread.h>

void* test_func(void* data)
{
  return data;
}

int main(void)
{
  pthread_t thread;
  pthread_create(&thread, NULL, test_func, NULL);
  pthread_detach(thread);
  pthread_join(thread, NULL);
  pthread_atfork(NULL, NULL, NULL);
  pthread_exit(NULL);

  return 0;
}

Determining if the function pthread_create exists in the pthreads failed with the following output:
Change Dir: /home/mdl/gxg5138/bioinf/diBELLA.2D/build_release/CMakeFiles/CMakeTmp

Run Build Command(s):/usr/bin/gmake cmTC_a7bab/fast && /usr/bin/gmake -f CMakeFiles/cmTC_a7bab.dir/build.make CMakeFiles/cmTC_a7bab.dir/build
gmake[1]: Entering directory `/home/mdl/gxg5138/bioinf/diBELLA.2D/build_release/CMakeFiles/CMakeTmp'
Building C object CMakeFiles/cmTC_a7bab.dir/CheckFunctionExists.c.o
/home/mdl/gxg5138/local-software/installs/gcc_5.4.0/bin/gcc   -fPIC -DCHECK_FUNCTION_EXISTS=pthread_create   -o CMakeFiles/cmTC_a7bab.dir/CheckFunctionExists.c.o   -c /home/mdl/gxg5138/local-software/installs/cmake-3.16.3/share/cmake-3.16/Modules/CheckFunctionExists.c
Linking C executable cmTC_a7bab
/home/mdl/gxg5138/local-software/installs/cmake-3.16.3/bin/cmake -E cmake_link_script CMakeFiles/cmTC_a7bab.dir/link.txt --verbose=1
/home/mdl/gxg5138/local-software/installs/gcc_5.4.0/bin/gcc -fPIC -DCHECK_FUNCTION_EXISTS=pthread_create    CMakeFiles/cmTC_a7bab.dir/CheckFunctionExists.c.o  -o cmTC_a7bab  -lpthreads 
/usr/bin/ld: cannot find -lpthreads
collect2: error: ld returned 1 exit status
gmake[1]: *** [cmTC_a7bab] Error 1
gmake[1]: Leaving directory `/home/mdl/gxg5138/bioinf/diBELLA.2D/build_release/CMakeFiles/CMakeTmp'
gmake: *** [cmTC_a7bab/fast] Error 2



